

Started GET "/" for 127.0.0.1 at 2015-05-01 17:19:03 +0100

ActionController::RoutingError (No route matches [GET] "/"):
  actionpack (4.2.1) lib/action_dispatch/middleware/debug_exceptions.rb:21:in `call'
  actionpack (4.2.1) lib/action_dispatch/middleware/show_exceptions.rb:30:in `call'
  railties (4.2.1) lib/rails/rack/logger.rb:38:in `call_app'
  railties (4.2.1) lib/rails/rack/logger.rb:20:in `block in call'
  activesupport (4.2.1) lib/active_support/tagged_logging.rb:68:in `block in tagged'
  activesupport (4.2.1) lib/active_support/tagged_logging.rb:26:in `tagged'
  activesupport (4.2.1) lib/active_support/tagged_logging.rb:68:in `tagged'
  railties (4.2.1) lib/rails/rack/logger.rb:20:in `call'
  actionpack (4.2.1) lib/action_dispatch/middleware/request_id.rb:21:in `call'
  rack (1.6.0) lib/rack/methodoverride.rb:22:in `call'
  rack (1.6.0) lib/rack/runtime.rb:18:in `call'
  activesupport (4.2.1) lib/active_support/cache/strategy/local_cache_middleware.rb:28:in `call'
  rack (1.6.0) lib/rack/lock.rb:17:in `call'
  actionpack (4.2.1) lib/action_dispatch/middleware/static.rb:113:in `call'
  rack (1.6.0) lib/rack/sendfile.rb:113:in `call'
  railties (4.2.1) lib/rails/engine.rb:518:in `call'
  railties (4.2.1) lib/rails/application.rb:164:in `call'
  railties (4.2.1) lib/rails/railtie.rb:194:in `public_send'
  railties (4.2.1) lib/rails/railtie.rb:194:in `method_missing'
  rack (1.6.0) lib/rack/tempfile_reaper.rb:15:in `call'
  rack (1.6.0) lib/rack/lint.rb:49:in `_call'
  rack (1.6.0) lib/rack/lint.rb:37:in `call'
  rack (1.6.0) lib/rack/showexceptions.rb:24:in `call'
  rack (1.6.0) lib/rack/commonlogger.rb:33:in `call'
  rack (1.6.0) lib/rack/chunked.rb:54:in `call'
  rack (1.6.0) lib/rack/content_length.rb:15:in `call'
  unicorn (4.9.0) lib/unicorn/http_server.rb:580:in `process_client'
  unicorn (4.9.0) lib/unicorn/http_server.rb:674:in `worker_loop'
  unicorn (4.9.0) lib/unicorn/http_server.rb:529:in `spawn_missing_workers'
  unicorn (4.9.0) lib/unicorn/http_server.rb:140:in `start'
  unicorn (4.9.0) bin/unicorn:126:in `<top (required)>'
  /Users/chrisjordan/.rvm/gems/ruby-2.2.0/bin/unicorn:23:in `load'
  /Users/chrisjordan/.rvm/gems/ruby-2.2.0/bin/unicorn:23:in `<main>'
  /Users/chrisjordan/.rvm/gems/ruby-2.2.0/bin/ruby_executable_hooks:15:in `eval'
  /Users/chrisjordan/.rvm/gems/ruby-2.2.0/bin/ruby_executable_hooks:15:in `<main>'


